<?xml version="1.0" encoding="UTF-8"?>
<!-- Generated by org.testng.reporters.JUnitXMLReporter -->
<testsuite hostname="DESKTOP-77JILL3" failures="0" tests="3" name="Default test" time="7.259" errors="0" timestamp="11 Jan 2023 13:24:31 GMT">
  <testcase classname="tests.AppTest" name="createPersonTest" time="5.902"/>
  <testcase classname="tests.AppTest" name="patchPersonTest" time="0.162"/>
  <testcase classname="tests.AppTest" name="deletePersonTest" time="0.11"/>
</testsuite> <!-- Default test -->
