<?xml version="1.0" encoding="UTF-8"?>
<testng-results total="3" passed="3" failed="0" skipped="0">
  <reporter-output>
  </reporter-output>
  <suite started-at="2023-01-11T13:24:24Z" name="Default suite" finished-at="2023-01-11T13:24:31Z" duration-ms="7259">
    <groups>
    </groups>
    <test started-at="2023-01-11T13:24:24Z" name="Default test" finished-at="2023-01-11T13:24:31Z" duration-ms="7259">
      <class name="tests.AppTest">
        <test-method is-config="true" signature="init()[pri:0, instance:tests.AppTest@512baff6]" started-at="2023-01-11T18:54:24Z" name="init" finished-at="2023-01-11T18:54:25Z" duration-ms="944" status="PASS">
          <reporter-output>
          </reporter-output>
        </test-method> <!-- init -->
        <test-method signature="createPersonTest()[pri:0, instance:tests.AppTest@512baff6]" started-at="2023-01-11T18:54:25Z" name="createPersonTest" finished-at="2023-01-11T18:54:31Z" duration-ms="5902" status="PASS">
          <reporter-output>
          </reporter-output>
        </test-method> <!-- createPersonTest -->
        <test-method signature="patchPersonTest()[pri:0, instance:tests.AppTest@512baff6]" started-at="2023-01-11T18:54:31Z" name="patchPersonTest" finished-at="2023-01-11T18:54:31Z" duration-ms="162" status="PASS">
          <reporter-output>
          </reporter-output>
        </test-method> <!-- patchPersonTest -->
        <test-method signature="deletePersonTest()[pri:0, instance:tests.AppTest@512baff6]" started-at="2023-01-11T18:54:31Z" name="deletePersonTest" finished-at="2023-01-11T18:54:31Z" duration-ms="110" status="PASS">
          <reporter-output>
          </reporter-output>
        </test-method> <!-- deletePersonTest -->
      </class> <!-- tests.AppTest -->
    </test> <!-- Default test -->
  </suite> <!-- Default suite -->
</testng-results>
